<?xml version="1.0" encoding="UTF-8"?>
<testsuite name="SILab2Test" tests="1" skipped="0" failures="0" errors="0" timestamp="2022-06-03T10:04:46" hostname="DESKTOP-TDUSHIM" time="0.056">
  <properties/>
  <testcase name="multipleConditionTest()" classname="SILab2Test" time="0.056"/>
  <system-out><![CDATA[]]></system-out>
  <system-err><![CDATA[]]></system-err>
</testsuite>
